Server on port 3000
WhatsApp client ready!
Found 435 groups:
  - "לע"נ הגיבור נדב יששכר פרחי הי"ד - הלכה יומית"
  - "תזכורות - טווח קצר"
  - "18 💢עדכונים מהארץ והעולם💢"
  - "מידע ירושלים 72 ⏱️⏳"
  - "קהילת תושבי בוכמן (השבטים ומוריה)"
  - "חדשות מהרגע 245"
  - "הַמָּקוֹר • ללא צנזורה 43"
  - "זמן ימין 🔟"
  - "את המנגינה הזאת לא נפסיק"
  - "עדכוני תחבורה במודיעין מכבים-רעות"
  - "AI Ops"
  - "נועה מגיד - עדכונים 4"
  - "Funvacationforall 17 😎"
  - "עסקים וכלכלה 2 💰🌇 🌍"
  - "כרטיסים חינם [11]"
  - "קידש קלאב אל-עד"
  - "אור גרינפלד Team 4"
  - "לקוחות ויקטורי מודיעין"
  - "SporTech - ציוד של אלופים🥇"
  - "אלי-גאדג'ט #1"
  - "אעופה אשכונה"
  - "הנדימנס³ - דילים משתלמים DIY"
  - "בירגר המצומצמת"
  - "חברתי אלעד"
  - "עדכונים שכונת מוריה"
  - "קבוצה #2 דילים סודיים למשחקי ילדים מאלי אקספרס"
  - "תן חיוך 😄😄😄🇮🇱🇮🇱🇮🇱"
  - "אלבניה 🇦🇱 למטייל הישראלי ✈️"
  - "טיולי אופניים ארוכים"
  - "מבלים במרכז ⭐️ 70"
  - "דילים לעיצוב ושדרוג הבית #1 🛋️🛒"
  - "דילים שווים לתינוקות וילדים 👶🏼🌈"
  - "דילים שווים למטבח ולבית 👩🏼‍🍳🍾🍽️🍻🧑🏽‍🍳"
  - "גרעין מעי"ן דוד"
  - "רוכבים וזוכרים 2025🌳🇮🇱"
  - "🇮🇱🇦🇱 אלבניה - שירה ואסף 🇦🇱🇮🇱"
  - "1️⃣ דמו364 - רכיבות בחברותא 🚴‍♂️🚴‍♀️"
  - "צ'יפ ספורט אקספרס 10 🏋🏻‍♂️🏃🏻‍♂️🚴‍♂️"
  - "בייקפקינג!! אפריל 16 2026"
  - "מידע למטייל באלבניה, כולל לשומרי מסורת"
  - "🔥אומנות הנינג'ה 7️⃣ | קהילת המתכונים למכשירי NINJA"
  - "וועד הבית יוהנה 56"
  - "🔴משפחת בירגר"
  - "ששון בע״מ"
  - "קומדי סטור בירגר🤹‍♂️"
  - "רועי מכינה"
  - "עכשיו במודיעין🔥- כל מה שקורה במודיעין"
  - "קונים באושר #2"
  - "חברים טובים רוכבים ביחד"
  - "🟡 בייקפאנל 1"
  - "תפילות בפרגולה"
  - "קניות לבית"
  - "הודעות קהילת אל-עד"
  - "מנין שלומציון בנינים16-20"
  - "דעטרון3 ת״א- הנחות תיאטרון 🎭"
  - "פשוט להשקיע | תומר אליהו"
  - "לע"נ הגיבור טל מובשוביץ הי"ד - הלכה יומית"
  - "Elad"
  - ""החברה" 2 מקדימה 2 מאחורה 🎷🎹🎸🎧"
  - "החברים הטובים שלי"
  - "Zadok, Weinberg, Birger"
  - "לויבירחם 🥂"
  - "החברים מאור עציון"
  - "הודעות עובדים "אטרניטי" 🔔"
  - "זכרונות משפחת לוי-ש. זמני"
  - "האחים לבית בירגר😃"
  - "דביר , ליאת , הילה - תיאומים"
  - ""להרים מבט-2""
  - "✈️ קהילת גנורבייקס 6️⃣ טיולי אופניים בחו"ל 🚴‍♀️"
  - "🇮🇱 קהילת גנורבייקס 1️⃣ בישראל 🚴 טיולי וארועי אופניים 🚴‍♀️"
  - "רחוב שלומציון  המלכה"
  - "אחוה ורעות"
  - "הרביעייה  🍇🍇🍇🍇"
  - "לגור במודיעין עם כרמי🌳⛺"
  - "יובל לימודים"
  - "אביה שירות לאומי👌"
  - "חופשה במבצע 12"
  - "תמא עוזיאל 85 דיירים"
  - "משקיעים 4 REALTY BUNDLES"
  - "מודיעין 2006"
  - "עופר וינטר עדכונים - יחד ננצח #72"
  - "קהילת FRIENDS ירושלים 5"
  - "קהילת FRIENDS שפלה דרומית 4"
  - "פסח תשפ"ו"
  - "משקיעי פרופר - קבוצה רשמית "
  - "שביל ישראל"
  - "עדכוני משפחות - פלוגה כ' "
  - "תרבות ופנאי 60+ בי-ם(2): הטבות ודברים שכדאי לדעת - מח' לגיל ה-3: קבוצה 2"
  - "😊 שבט אחווה בית וגן"
  - "שיעור חמישי בלילה"
  - "🏢🏢ששון את בירגר נדל"ן🏡🏠🏘🏯"
  - "הודעות חירום עיריית מודיעין מכבים רעות 11"
  - "בירה ונשירה 🍺"
  - "תותים ופירות העונה מודיעין 🍓🫐"
  - "החברים הטובים מאנסרס"
  - "דעטרון ירושלים 🎭"
  - "מבצעים, הטבות והנחות במודיעין - הקבוצה הסודית"
  - "CityR Manhatten"
  - "הודעות העמותה הצרפתית"
  - "גדוד יהודה 1875 - אוגדה 96"
  - "לאורה של סבתא הולכים"
  - "בירגר בלי נכדים 💪🏻"
  - "מטווחים ואימונים משמר בוכמן"
  - "מנין מרפסות שרה אמנו 86"
  - "תזכורות - טווח ארוך"
  - "שלומציון המלכה 12-16"
  - "Service Desk Team"
  - "משקיעי CiTYR- פרלמנט 🗣!"
  - "הגלגול הבא"
  - "משפחת בירגר הודעות בלבד"
  - "שכונת מוריה - מצב חירום"
  - "גרעין מעין דוד מודיעין"
  - "אביונים"
  - "חב״ד למטיילים בלומסברי מרכז לונדון"
  - "טיולים עם רז גורן"
  - "הנחות שוות להרצאות🎯 (1)"
  - "הבימה הטבות מחזות זמר🎭"
  - "🇮🇱 קהילת גנורבייקס 3️⃣ בישראל 🚴 טיולי וארועי אופניים 🚴‍♀️"
  - "HH-הקבוצה הכשרה אטרניטי😊🍪🍩"
  - "טיול פריז לונדון אמסטרדם 2026"
  - "מתנדבים תרומות לחיילים - מחסן אוריין 🇮🇱🇮🇱Ligad"
  - "בגדד 8️⃣1️⃣❤️6️⃣1️⃣"
  - "רוכבים ונהנים ומקשקשים1️⃣🚲🚲"
  - "ערוץ חו"ל מהודר 38"
  - "חוגגים עם בת שבע"
  - "אמא , אבא ודביר👪"
  - "רפואה שלמה לארי שפיץ (קבוצה 2)"
  - "מבצעי רימון חזן לקוחות 2"
  - "טיול ויטנאם 2018"
  - "טיפים כלכליים - ברק ייעוץ והשקעות 🪙16"
  - "שעור תנך"
  - "קלאב הוטל 2024 האמיתי!!🍍"
  - "מוקד443 - התראות שקטות"
  - "רוכבים ונהנים לא דיבורים1️⃣"
  - "TripZone - חופשות סודיות 🌍"
  - "🔥דיל בסטייל🔥"
  - "עכשיו במודיעין🔥- קבוצת הדיווחים"
  - "הפנקס"
  - "טיול אלבניה"
  - "Birger's trip - Albania"
  - "בירגר עם אדיר בנצמרק"
  - "מסתנגלים בשטח עם רמי"
  - "מונטנגרו 2025"
  - "חכם חנוכה 3- חידות ארצישראליות לחנוכה"
  - "ג'קוזי 🏖"
  - "Service desk 🎯"
  - "עדכונים | הנביא שניסה לאחד את העם - תנ״ך ישראלי"
  - "רוכבי אופניים שומרי שבת"
  - "בירגר עם משה - דירה 188"
  - "רוכבי השטח של ישראל 🇮🇱"
  - "אחים- June 3 Party !"
  - "אילן, רונן ודביר"
  - "בירגר בלי אבא"
  - "שבת משפחתית- פרשת נח"
  - "דירה עמותת אותות באר שבע -בירגר"
  - "בירגר-דן"
  - "ששון את יאיר "
  - "קהילת החוסכים של  הוט מועדון צרכנות"
  - "ניגונים לחגים בית כנסת אלעד "
  - "עוז קרמיקה - דירה אילנה בירגר הולילנד"
  - "אופק 22"
  - "🚲 מתגלגלי ארץ אהבתי 🚲"
  - "חדשות המגזר"
  - "קהילת החוסכים של  הוט מועדון צרכנות 2"
  - "קהילת החוסכים של  הוט מועדון צרכנות 1"
  - "🇮🇱 קהילת גנורבייקס 4️⃣ בישראל 🚴 טיולי וארועי אופניים 🚴‍♀️"
  - "שווים יותר - מקבלים בחזרה #7 🇮🇱"
  - "טיסה ניו זילנד"
  - "גדוד יהודה 1875"
  - "דמו364 - שיתופי תמונות"
  - "לטייל עם מני "
  - "Server Group"
  - "שלומציון - שכנים חדשים"
  - "More Teams✌🏾🏋️‍♀️"
  - "מדבקות לווטסאפ"
  - "גנור: מרוקו כשר מרץ 22 🚴‍♂️🕍"
  - "רועי בירגר עם עמית אפיקים"
  - "רכיבה בגולן"
  - "הר לעמק שליחים - אופניים "
  - "רוכבים בשטח עם רמי (שישי)"
  - "לרכב עם טירולרבייק"
  - "בירגר עם דניאל אפיקים"
  - "פעילות שטח - Riverbed"
  - "שביל ישראל-יהודה,שי, דביר"
  - "משרות NLP"
  - "ההזדמנות החדשה בנדל״ן "
  - "ההזדמנות החדשה בנדל״ן "
  - "עסקים וכלכלה 2 💰🌇 🌍"
  - "חו"ל מהודר"
  - "מזגן..ו.."
  - "שבועות בלבן "
  - "בירגר השקעות עם ארז צדוק"
  - "REALTY BUNDLES גיוס 2"
  - "טיול פסח תשפ״ב"
  - "דנובה 17/9 אשר בייקס "
  - "קורס רכיבה טכנית"
  - "הר לעמק 2022 סופי"
  - "GoCode - Free"
  - "בטומי 2022 - משפחת בירגר"
  - "תמונות"
  - "עמית סגל 1"
  - "פיקניק - ועדה מארגנת"
  - "חדשות המגזר"
  - "קהילת החוסכים של  הוט מועדון צרכנות"
  - "GoCode - Free"
  - "יום הולדת לבת שבע"
  - "חו"ל מהודר"
  - "עמית סגל 1"
  - "מוקד443 - התראות שקטות"
  - "Aternity - social"
  - "בנימין ואילת מתחתנים"
  - "el-ad Modiin"
  - "טיול פסח תשפ״ד"
  - "רכיבה בדנובה אריק ודביר "
  - "תודה רבה!!!"
  - "בירגר דירה 188 סביונים ויו מרכז העיר"
  - "פולין 2023😉"
  - "טס-אפ"
  - "טס-אפ"
  - "משקיעי פרופר מתאגדים! בסגירה!"
  - "מאיר רבס יום הולדת 70"
  - "אריק ודביר - דנובה"
  - "גנור בייקס #2 קבוצה שקטה לתפוצה 🚴‍♀🚴"
  - "תרבות ופנאי 60+ בי-ם(2): הטבות ודברים שכדאי לדעת - מח' לגיל ה-3: קבוצה 2"
  - "גנור בייקס 🔇 חו''ל שקטה  ✈️🚴‍♀️🚴"
  - "של מי הבגד?👕👖🩲"
  - "טיול צפון סוכות"
  - "כסף - יובל"
  - "Donateur"
  - "קהילת משקיעי פרופר"
  - "אירוסחינה בהפתעה גם בשבילי 😅🫣❤️😘"
  - "משמר שכונת בוכמן - הודעות"
  - "700-745 NW 14 Terrace Fort Lauderdale , FL 33311"
  - "13150-13152 W. Dixie Highway North FL"
  - "אזרחים - עושים יותר בביטחון¹"
  - "טיסה לנאפולי- הדברים החשובים"
  - "אזרחים - עושים יותר בביטחון¹"
  - "קהילת משקיעי פרופר"
  - "משמר שכונת בוכמן - הודעות"
  - ""
  - "30 נדב"
  - "טיולים עם רז גורן"
  - "ניחום אבלים "
  - "ספר תורה משפחת פרחי"
  - "Dvir Birger, Eli & Eithan"
  - "ריקוד החתונה המסורתי ♥️"
  - "טיולי התימנים ודביר"
  - "Birger Baharav Farhi Israel Family"
  - "דמו364- יום גיבוש 3️⃣ - שדה בוקר"
  - "Birger cousins"
  - "פינת הנצחה לנדב"
  - "מלונות בחו"ל במחירי מחתרת"
  - "מלונות בחו"ל במחירי מחתרת"
  - "בירגר עם יעקב - דירה 188 - ניהול ותחזוקה"
  - "חכם מהו 2- חידות ארץ ישראליות לפסח"
  - "הנצחה נדב "
  - "עקשנות או נחישות ⭐ - ערב לזכרו של נדב יששכר פרחי הי"ד"
  - "מתנה לחג "
  - "מתנה ליעל וצביקה"
  - "🇮🇱 קהילת גנורבייקס 1️⃣ בישראל 🚴 טיולי וארועי אופניים 🚴‍♀️"
  - "✈️ קהילת גנורבייקס 6️⃣ טיולי אופניים בחו"ל 🚴‍♀️"
  - "מפגני אחדות²  - חמישי ומוצ"ש- מורשת הנופלים"
  - "רוכבי אטרניטי🚲🚲"
  - "מפגני אחדות²  - חמישי ומוצ"ש- מורשת הנופלים"
  - "Ofra’s 75th birthday"
  - "טרמפים לחתונה של אחיה ועטרה 16/9"
  - "הודעות חירום עיריית מודיעין מכבים רעות 11"
  - "הסעה לטיול אטרניטי "
  - "שיפוץ הבית בע"ה 😇"
  - "יובל תאילנד אבא"
  - "המרוץ Riverbed סגול עולה"
  - "נדלן בהפוכה ~ כל האמת על תשואה ונדל"ן"
  - "אבא והאחים"
  - "מטבחי סמל  גלית ודביר בירגר"
  - "דובאי - אילן ודביר"
  - "רוכבים לזכרו"
  - "גדוד יהודה 1875 - אוגדה 96"
  - "סופ"ש 7 פברואר ערד"
  - "עזרה לעמית "
  - "שלא עשני אישה....."
  - "PandoExpress - כל הדילים הכי שווים ברשת🎉"
  - "טיול באוגוסט🏃🏻‍♂️🙌🏊🏻‍♀️🎉"
  - "TripZone - חופשות סודיות 🌍"
  - "משימות של הבית🏠"
  - "רצים לאורם- עדכונים 1"
  - "רצים לאורם"
  - "רצים לאורם"
  - "רכיבת אופניים בחול- שלומי איסתא , אריק פרחי , דביר בירגר"
  - "טיול פסח תשפ״ה"
  - "אור גרינפלד Team 4"
  - "PandoExpress - כל הדילים הכי שווים ברשת🎉"
  - "עדכונים שכונת מוריה"
  - "Payment"
  - ".סעודה שלישית"
  - "מסיבת חנוכה🕯"
  - "מסיבת חנוכה"
  - "ל"ג בעומר מבוגרים"
  - "הוולנד עדכונים 😅"
  - "הכתרה עדכונים להורים❤"
  - "בר מצווה לאיתן"
  - "שבת חנוכה - הפתעה לרחל"
  - "החברה הטובים בקיבוץ"
  - "מסיבת פורים"
  - "דניאל הרצליה הס' מורים"
  - "פורים תשעט🥳🥳"
  - "אתגר הפלאנק + תזונה "
  - "ההזדמנות החדשה בנדל"ן - 3"
  - "עוזיאל 85 וינברג נריה הנדסה"
  - "גנור&מאור דגון  5/3/21 🚴"
  - "חתונת כסף גלית ודביר"
  - "טיול ג'יפים 3"
  - "החלפת מספר"
  - "מחוברים למודיעין - כללי"
  - "שמחת תורה"
  - "ערב יום העצמאות"
  - "שמחת תורה תשפ"ד"
  - "ערב יום העצמאות 2019"
  - "🤣פורים 2021"
  - "ערב יום העצמאות 2021"
  - "רמלה השקעות בע"מ☀"
  - "האח הקטן הגיע לגיל יובל.."
  - "תיקון לע"נ סבא סעיד"
  - "קבוצת תמיכה"
  - "יום הולדת"
  - "חתונה"
  - "בית עלמין - אזכרה צחי"
  - "אתגר הבטן היומי"
  - "החלטות מהירות רכישת קרקע"
  - "קרקעות בצורן"
  - "דודו והילה טסים"
  - "יומולדת 40 להילה 27.8"
  - "מסע לפולין תשעז"
  - "טס-אפ 9 ✈"
  - "מסיימי כיתה י"ב 2020"
  - "שיעורונה באל-עד"
  - "30 לסבתא מרגלית"
  - "הר לעמק 2015"
  - "🇮🇱יום העצמאות תשפ"א🇮🇱"
  - "מירוץ תנך תשח - רצי בוכמן"
  - "גלית ודביר טיול "
  - "ספורט פארק המים"
  - "שבע ברכות קורן ומיטל לוין"
  - "ליל הסדר משפחתי🍷🍷🍷🍷"
  - "הר לעמק 2015 - צוות 4"
  - "חומר לטיול בפראג"
  - "7  ברכות למעין 👰🤵"
  - "ביקור אצל אביה במחנה😎"
  - "✈צפון איטליה - קיץ 2017✈✈"
  - "👨‍🍳👨‍🍳מתכונים👨‍🍳👨‍🍳"
  - "משלוח מנות קהילתי צוות 24"
  - "11 בטורקי ☕"
  - "🚵🏼רכיבת אופניים שישי בוקר🚴🏻"
  - "תמונות יוון "
  - "אוכל כשר באוסטריה"
  - "אוסטריה 2017 - הוצאות"
  - "מתכונים"
  - "💰הוצאות מזומן💰"
  - "נדב שרשראות"
  - "שבת הסתדרות המורים 2018"
  - "מתנה לדודו"
  - "טיול ויטנאם 2018-הוצאות"
  - "מסלולי אופניים מעניינים"
  - "🕯🕯🕯🕯הדלקת נרות חנוכה🕯🕯🕯🕯"
  - "Tani & Gilad In IL"
  - "RVBD QA Group"
  - "🚲רכיבת אופנים על הדנובה🚲"
  - "האחים לבית צדוק ודביר "
  - "יום הולדת 80 לסבא איציק🎉🎉"
  - "חמדי & בירגר מטיילים בפרובנס"
  - "יום הולדת להילה"
  - "הי דרומה לאילת🏝️🏖️"
  - "Full Stack Auto course"
  - "השקעות של בירגר עם אלכס"
  - "השקעות של בירגר בלי אלכס"
  - "תמונות לגוגל"
  - "מתנת גיוס למתן"
  - "השקעות של בירגר עם עמית"
  - "דברים חשובים"
  - "ליל הסדר"
  - "מתנה לדובב"
  - "מוקד443 קבוצה 8 שקטה 🇮🇱"
  - "החברים של רמוס"
  - "Ex-Answers"
  - "קבוצת רכישת בנין עם ראובן"
  - "על האש אצל דביר"
  - "ניווט ספורטיבי קהילתי "
  - "קור וכורח וקורע"
  - "סיור סליחות 22.9 בני ברק"
  - "Adam Farewell"
  - "חתונה נעה ורועי"
  - "ישוחררו הכסאות"
  - "אטרניטי - הטובים לטייטס"
  - "אלעד צחוקים ומעט חפירה"
  - "משלוחה"
  - "מניין ראשון"
  - "Adi weinberg creditors"
  - "תביעה נגד עדי וינברג"
  - "בוקרשט🎉"
  - "בוקרשט תמונות🎉"
  - "טבע נאות"
  - "תמונות היער השחור"
  - "אוסטריה - איטליה תמונות"
  - "משפחה לא בוחרים-טיולצפון"
  - "פריז"
  - "😴"
  - "שבת הסתדרות המורים"
  - "שבועות בגינת לוין🍇🍏"
  - "סחלב ☕"
  - "שבועות "
  - "בוכמן news🎥"
  - "ועדת בינוי ישיבה 🚪"
  - "יובל לשייקה"
  - "יובל  50 לדביר "
  - "ניקוי רעלים 2020🥖🥛🍬☕🍾"
  - "האחים הגדולים"
  - "שבע ברכות לנעמי ואלעד"
  - "בית יעקב "
  - "צוות מפרגן ✨"
  - "יום צוות"
  - "קורונה Team"
  - "Core Innovation ✨"
  - "Aternity minyan"
  - "עבודה בעיניים"
  - "יצאת חומוס"
  - "Office Trainer Riverbed"
  - "Core Innovation NG"
  - "מסיבת פורים "
  - "🍁מניות בארה"ב"
  - "משקיעי CiTYR -עדכונים🔔"
  - "ט"ו באב זוגי - יום רביעי"
  - "שועטי יער בן שמן"
  - "Vietnam tour 2018"
  - "Hoi An tour 2018"
  - "חתונה מעין וניר"
  - "יומולדת לסבתא ❤️"
✅ Found target group: תזכורות - טווח קצר → 120363418718140371@g.us
